2025-11-20 20:43:10,281 | __main__ | INFO | Starting inference workflow...
2025-11-20 20:43:10,283 | workflows.inference_workflow | INFO | ================================================================================
2025-11-20 20:43:10,284 | workflows.inference_workflow | INFO | BATCH FRAUD PREDICTION (RAG-READY)
2025-11-20 20:43:10,284 | workflows.inference_workflow | INFO | ================================================================================
2025-11-20 20:43:10,285 | workflows.inference_workflow | INFO | 📂 Loading data: bpjs_inference_small.csv
2025-11-20 20:43:10,342 | workflows.inference_workflow | INFO |    ✅ Rows: 20
2025-11-20 20:43:10,351 | workflows.inference_workflow | INFO |    ℹ️  Has labels: False
2025-11-20 20:43:10,352 | workflows.inference_workflow | INFO | 🔧 Loading inference engine...
2025-11-20 20:43:11,815 | workflows.inference_workflow | INFO | 🔮 Running predictions...
2025-11-20 20:43:11,815 | workflows.inference_workflow | INFO |    - Generate explanations: True
2025-11-20 20:43:11,816 | workflows.inference_workflow | INFO |    - Evaluate: False
2025-11-20 20:43:33,691 | workflows.inference_workflow | INFO | 
📊 Prediction Summary:
2025-11-20 20:43:33,692 | workflows.inference_workflow | INFO |    Total: 20
2025-11-20 20:43:33,694 | workflows.inference_workflow | INFO |    Fraud: 10 (50.00%)
2025-11-20 20:43:33,739 | workflows.inference_workflow | INFO | 
💾 Saved: C:\Users\US3R\OneDrive\Dokumen\Data_Science\Project\MLInference\outputs\predictions_20251120_204250.csv
2025-11-20 20:43:33,741 | workflows.inference_workflow | INFO | ================================================================================
2025-11-20 20:43:33,743 | workflows.inference_workflow | INFO | ✅ INFERENCE COMPLETED
2025-11-20 20:43:33,743 | workflows.inference_workflow | INFO | ================================================================================
2025-11-20 20:43:33,810 | __main__ | INFO | ✅ Predictions saved to: C:\Users\US3R\OneDrive\Dokumen\Data_Science\Project\MLInference\outputs\predictions_20251120_204250.csv
2025-11-20 20:43:33,811 | __main__ | INFO |    Total claims: 20
2025-11-20 20:43:33,813 | __main__ | INFO |    Fraud cases: 10
2025-11-20 20:43:33,814 | __main__ | INFO | 
🔗 Next step - Generate RAG explanations:
2025-11-20 20:43:33,815 | __main__ | INFO |    python RAGSystem/main.py explain --input C:\Users\US3R\OneDrive\Dokumen\Data_Science\Project\MLInference\outputs\predictions_20251120_204250.csv
