2025-11-20 20:18:48,649 | __main__ | INFO | Starting inference workflow...
2025-11-20 20:18:48,651 | workflows.inference_workflow | INFO | ================================================================================
2025-11-20 20:18:48,652 | workflows.inference_workflow | INFO | BATCH FRAUD PREDICTION (RAG-READY)
2025-11-20 20:18:48,652 | workflows.inference_workflow | INFO | ================================================================================
2025-11-20 20:18:48,654 | workflows.inference_workflow | INFO | 📂 Loading data: bpjs_inference_small.csv
2025-11-20 20:18:48,704 | workflows.inference_workflow | INFO |    ✅ Rows: 20
2025-11-20 20:18:48,713 | workflows.inference_workflow | INFO |    ℹ️  Has labels: False
2025-11-20 20:18:48,713 | workflows.inference_workflow | INFO | 🔧 Loading inference engine...
2025-11-20 20:18:50,062 | workflows.inference_workflow | INFO | 🔮 Running predictions...
2025-11-20 20:18:50,064 | workflows.inference_workflow | INFO |    - Generate explanations: True
2025-11-20 20:18:50,066 | workflows.inference_workflow | INFO |    - Evaluate: False
2025-11-20 20:19:08,101 | workflows.inference_workflow | INFO | 
📊 Prediction Summary:
2025-11-20 20:19:08,102 | workflows.inference_workflow | INFO |    Total: 20
2025-11-20 20:19:08,104 | workflows.inference_workflow | INFO |    Fraud: 10 (50.00%)
2025-11-20 20:19:08,125 | workflows.inference_workflow | INFO | 
💾 Saved: C:\Users\US3R\OneDrive\Dokumen\Data_Science\Project\MLInference\outputs\predictions_20251120_201833.csv
2025-11-20 20:19:08,128 | workflows.inference_workflow | INFO | ================================================================================
2025-11-20 20:19:08,129 | workflows.inference_workflow | INFO | ✅ INFERENCE COMPLETED
2025-11-20 20:19:08,129 | workflows.inference_workflow | INFO | ================================================================================
2025-11-20 20:19:08,195 | __main__ | INFO | ✅ Predictions saved to: C:\Users\US3R\OneDrive\Dokumen\Data_Science\Project\MLInference\outputs\predictions_20251120_201833.csv
2025-11-20 20:19:08,196 | __main__ | INFO |    Total claims: 20
2025-11-20 20:19:08,198 | __main__ | INFO |    Fraud cases: 10
2025-11-20 20:19:08,198 | __main__ | INFO | 
🔗 Next step - Generate RAG explanations:
2025-11-20 20:19:08,199 | __main__ | INFO |    python RAGSystem/main.py explain --input C:\Users\US3R\OneDrive\Dokumen\Data_Science\Project\MLInference\outputs\predictions_20251120_201833.csv
