2025-11-20 17:39:51,906 | __main__ | INFO | Starting inference workflow...
2025-11-20 17:39:51,907 | workflows.inference_workflow | INFO | ================================================================================
2025-11-20 17:39:51,907 | workflows.inference_workflow | INFO | BATCH FRAUD PREDICTION (RAG-READY)
2025-11-20 17:39:51,909 | workflows.inference_workflow | INFO | ================================================================================
2025-11-20 17:39:51,909 | workflows.inference_workflow | INFO | 📂 Loading data: bpjs_inference_small.csv
2025-11-20 17:39:51,955 | workflows.inference_workflow | INFO |    ✅ Rows: 100
2025-11-20 17:39:51,960 | workflows.inference_workflow | INFO |    ℹ️  Has labels: False
2025-11-20 17:39:51,961 | workflows.inference_workflow | INFO | 🔧 Loading inference engine...
2025-11-20 17:39:52,848 | workflows.inference_workflow | INFO | 🔮 Running predictions...
2025-11-20 17:39:52,849 | workflows.inference_workflow | INFO |    - Generate explanations: True
2025-11-20 17:39:52,849 | workflows.inference_workflow | INFO |    - Evaluate: False
2025-11-20 17:40:05,764 | workflows.inference_workflow | INFO | 
📊 Prediction Summary:
2025-11-20 17:40:05,765 | workflows.inference_workflow | INFO |    Total: 100
2025-11-20 17:40:05,766 | workflows.inference_workflow | INFO |    Fraud: 6 (6.00%)
2025-11-20 17:40:05,774 | workflows.inference_workflow | INFO | 
💾 Saved: C:\Users\US3R\OneDrive\Dokumen\Data_Science\Project\MLInference\outputs\predictions_20251120_173938.csv
2025-11-20 17:40:05,775 | workflows.inference_workflow | INFO | ================================================================================
2025-11-20 17:40:05,775 | workflows.inference_workflow | INFO | ✅ INFERENCE COMPLETED
2025-11-20 17:40:05,776 | workflows.inference_workflow | INFO | ================================================================================
2025-11-20 17:40:05,796 | __main__ | INFO | ✅ Predictions saved to: C:\Users\US3R\OneDrive\Dokumen\Data_Science\Project\MLInference\outputs\predictions_20251120_173938.csv
2025-11-20 17:40:05,797 | __main__ | INFO |    Total claims: 100
2025-11-20 17:40:05,798 | __main__ | INFO |    Fraud cases: 6
2025-11-20 17:40:05,800 | __main__ | INFO | 
🔗 Next step - Generate RAG explanations:
2025-11-20 17:40:05,801 | __main__ | INFO |    python RAGSystem/main.py explain --input C:\Users\US3R\OneDrive\Dokumen\Data_Science\Project\MLInference\outputs\predictions_20251120_173938.csv
