2025-11-20 22:17:37,970 | __main__ | INFO | Starting inference workflow...
2025-11-20 22:17:37,971 | workflows.inference_workflow | INFO | ================================================================================
2025-11-20 22:17:37,972 | workflows.inference_workflow | INFO | BATCH FRAUD PREDICTION (RAG-READY)
2025-11-20 22:17:37,972 | workflows.inference_workflow | INFO | ================================================================================
2025-11-20 22:17:37,973 | workflows.inference_workflow | INFO | 📂 Loading data: bpjs_inference_small.csv
2025-11-20 22:17:38,006 | workflows.inference_workflow | INFO |    ✅ Rows: 3
2025-11-20 22:17:38,011 | workflows.inference_workflow | INFO |    ℹ️  Has labels: False
2025-11-20 22:17:38,011 | workflows.inference_workflow | INFO | 🔧 Loading inference engine...
2025-11-20 22:17:39,062 | workflows.inference_workflow | INFO | 🔮 Running predictions...
2025-11-20 22:17:39,063 | workflows.inference_workflow | INFO |    - Generate explanations: True
2025-11-20 22:17:39,063 | workflows.inference_workflow | INFO |    - Evaluate: False
2025-11-20 22:17:51,086 | workflows.inference_workflow | INFO | 
📊 Prediction Summary:
2025-11-20 22:17:51,087 | workflows.inference_workflow | INFO |    Total: 3
2025-11-20 22:17:51,090 | workflows.inference_workflow | INFO |    Fraud: 1 (33.33%)
2025-11-20 22:17:51,098 | workflows.inference_workflow | INFO | 
💾 Saved: C:\Users\US3R\OneDrive\Dokumen\Data_Science\Project\MLInference\outputs\predictions_20251120_221725.csv
2025-11-20 22:17:51,098 | workflows.inference_workflow | INFO | ================================================================================
2025-11-20 22:17:51,099 | workflows.inference_workflow | INFO | ✅ INFERENCE COMPLETED
2025-11-20 22:17:51,099 | workflows.inference_workflow | INFO | ================================================================================
2025-11-20 22:17:51,141 | __main__ | INFO | ✅ Predictions saved to: C:\Users\US3R\OneDrive\Dokumen\Data_Science\Project\MLInference\outputs\predictions_20251120_221725.csv
2025-11-20 22:17:51,142 | __main__ | INFO |    Total claims: 3
2025-11-20 22:17:51,144 | __main__ | INFO |    Fraud cases: 1
2025-11-20 22:17:51,145 | __main__ | INFO | 
🔗 Next step - Generate RAG explanations:
2025-11-20 22:17:51,145 | __main__ | INFO |    python RAGSystem/main.py explain --input C:\Users\US3R\OneDrive\Dokumen\Data_Science\Project\MLInference\outputs\predictions_20251120_221725.csv
