2025-11-20 17:27:27,985 | __main__ | INFO | Starting inference workflow...
2025-11-20 17:27:27,989 | workflows.inference_workflow | INFO | ================================================================================
2025-11-20 17:27:27,989 | workflows.inference_workflow | INFO | BATCH FRAUD PREDICTION (RAG-READY)
2025-11-20 17:27:27,990 | workflows.inference_workflow | INFO | ================================================================================
2025-11-20 17:27:27,991 | workflows.inference_workflow | INFO | 📂 Loading data: bpjs_inference_small.csv
2025-11-20 17:27:28,052 | workflows.inference_workflow | INFO |    ✅ Rows: 100
2025-11-20 17:27:28,062 | workflows.inference_workflow | INFO |    ℹ️  Has labels: False
2025-11-20 17:27:28,063 | workflows.inference_workflow | INFO | 🔧 Loading inference engine...
2025-11-20 17:27:29,259 | workflows.inference_workflow | INFO | 🔮 Running predictions...
2025-11-20 17:27:29,259 | workflows.inference_workflow | INFO |    - Generate explanations: True
2025-11-20 17:27:29,260 | workflows.inference_workflow | INFO |    - Evaluate: False
2025-11-20 17:27:47,957 | workflows.inference_workflow | INFO | 
📊 Prediction Summary:
2025-11-20 17:27:47,958 | workflows.inference_workflow | INFO |    Total: 100
2025-11-20 17:27:47,960 | workflows.inference_workflow | INFO |    Fraud: 6 (6.00%)
2025-11-20 17:27:47,981 | workflows.inference_workflow | INFO | 
💾 Saved: C:\Users\US3R\OneDrive\Dokumen\Data_Science\Project\MLInference\outputs\predictions_20251120_172710.csv
2025-11-20 17:27:47,981 | workflows.inference_workflow | INFO | ================================================================================
2025-11-20 17:27:47,983 | workflows.inference_workflow | INFO | ✅ INFERENCE COMPLETED
2025-11-20 17:27:47,985 | workflows.inference_workflow | INFO | ================================================================================
2025-11-20 17:27:48,030 | __main__ | INFO | ✅ Predictions saved to: C:\Users\US3R\OneDrive\Dokumen\Data_Science\Project\MLInference\outputs\predictions_20251120_172710.csv
2025-11-20 17:27:48,032 | __main__ | INFO |    Total claims: 100
2025-11-20 17:27:48,036 | __main__ | INFO |    Fraud cases: 6
2025-11-20 17:27:48,038 | __main__ | INFO | 
🔗 Next step - Generate RAG explanations:
2025-11-20 17:27:48,038 | __main__ | INFO |    python RAGSystem/main.py explain --input C:\Users\US3R\OneDrive\Dokumen\Data_Science\Project\MLInference\outputs\predictions_20251120_172710.csv
