2025-11-20 16:30:16,080 | __main__ | INFO | Starting inference workflow...
2025-11-20 16:30:16,082 | workflows.inference_workflow | INFO | ================================================================================
2025-11-20 16:30:16,082 | workflows.inference_workflow | INFO | BATCH FRAUD PREDICTION (RAG-READY)
2025-11-20 16:30:16,083 | workflows.inference_workflow | INFO | ================================================================================
2025-11-20 16:30:16,084 | workflows.inference_workflow | INFO | 📂 Loading data: bpjs_inference_small.csv
2025-11-20 16:30:16,130 | workflows.inference_workflow | INFO |    ✅ Rows: 100
2025-11-20 16:30:16,136 | workflows.inference_workflow | INFO |    ℹ️  Has labels: False
2025-11-20 16:30:16,137 | workflows.inference_workflow | INFO | 🔧 Loading inference engine...
2025-11-20 16:30:17,021 | workflows.inference_workflow | INFO | 🔮 Running predictions...
2025-11-20 16:30:17,022 | workflows.inference_workflow | INFO |    - Generate explanations: True
2025-11-20 16:30:17,024 | workflows.inference_workflow | INFO |    - Evaluate: False
2025-11-20 16:30:29,522 | workflows.inference_workflow | INFO | 
📊 Prediction Summary:
2025-11-20 16:30:29,523 | workflows.inference_workflow | INFO |    Total: 100
2025-11-20 16:30:29,524 | workflows.inference_workflow | INFO |    Fraud: 6 (6.00%)
2025-11-20 16:30:29,534 | workflows.inference_workflow | INFO | 
💾 Saved: C:\Users\US3R\OneDrive\Dokumen\Data_Science\Project\MLInference\outputs\predictions_20251120_163002.csv
2025-11-20 16:30:29,534 | workflows.inference_workflow | INFO | ================================================================================
2025-11-20 16:30:29,535 | workflows.inference_workflow | INFO | ✅ INFERENCE COMPLETED
2025-11-20 16:30:29,535 | workflows.inference_workflow | INFO | ================================================================================
2025-11-20 16:30:29,554 | __main__ | INFO | ✅ Predictions saved to: C:\Users\US3R\OneDrive\Dokumen\Data_Science\Project\MLInference\outputs\predictions_20251120_163002.csv
2025-11-20 16:30:29,555 | __main__ | INFO |    Total claims: 100
2025-11-20 16:30:29,557 | __main__ | INFO |    Fraud cases: 6
2025-11-20 16:30:29,558 | __main__ | INFO | 
🔗 Next step - Generate RAG explanations:
2025-11-20 16:30:29,559 | __main__ | INFO |    python RAGSystem/main.py explain --input C:\Users\US3R\OneDrive\Dokumen\Data_Science\Project\MLInference\outputs\predictions_20251120_163002.csv
