2025-11-20 17:17:38,359 | __main__ | INFO | Starting inference workflow...
2025-11-20 17:17:38,361 | workflows.inference_workflow | INFO | ================================================================================
2025-11-20 17:17:38,362 | workflows.inference_workflow | INFO | BATCH FRAUD PREDICTION (RAG-READY)
2025-11-20 17:17:38,363 | workflows.inference_workflow | INFO | ================================================================================
2025-11-20 17:17:38,364 | workflows.inference_workflow | INFO | 📂 Loading data: bpjs_inference_small.csv
2025-11-20 17:17:38,424 | workflows.inference_workflow | INFO |    ✅ Rows: 100
2025-11-20 17:17:38,432 | workflows.inference_workflow | INFO |    ℹ️  Has labels: False
2025-11-20 17:17:38,433 | workflows.inference_workflow | INFO | 🔧 Loading inference engine...
2025-11-20 17:17:39,535 | workflows.inference_workflow | INFO | 🔮 Running predictions...
2025-11-20 17:17:39,537 | workflows.inference_workflow | INFO |    - Generate explanations: True
2025-11-20 17:17:39,537 | workflows.inference_workflow | INFO |    - Evaluate: False
2025-11-20 17:17:55,058 | workflows.inference_workflow | INFO | 
📊 Prediction Summary:
2025-11-20 17:17:55,059 | workflows.inference_workflow | INFO |    Total: 100
2025-11-20 17:17:55,060 | workflows.inference_workflow | INFO |    Fraud: 6 (6.00%)
2025-11-20 17:17:55,073 | workflows.inference_workflow | INFO | 
💾 Saved: C:\Users\US3R\OneDrive\Dokumen\Data_Science\Project\MLInference\outputs\predictions_20251120_171719.csv
2025-11-20 17:17:55,074 | workflows.inference_workflow | INFO | ================================================================================
2025-11-20 17:17:55,074 | workflows.inference_workflow | INFO | ✅ INFERENCE COMPLETED
2025-11-20 17:17:55,075 | workflows.inference_workflow | INFO | ================================================================================
2025-11-20 17:17:55,100 | __main__ | INFO | ✅ Predictions saved to: C:\Users\US3R\OneDrive\Dokumen\Data_Science\Project\MLInference\outputs\predictions_20251120_171719.csv
2025-11-20 17:17:55,101 | __main__ | INFO |    Total claims: 100
2025-11-20 17:17:55,103 | __main__ | INFO |    Fraud cases: 6
2025-11-20 17:17:55,103 | __main__ | INFO | 
🔗 Next step - Generate RAG explanations:
2025-11-20 17:17:55,105 | __main__ | INFO |    python RAGSystem/main.py explain --input C:\Users\US3R\OneDrive\Dokumen\Data_Science\Project\MLInference\outputs\predictions_20251120_171719.csv
