2025-11-20 17:44:41,515 | __main__ | INFO | Starting inference workflow...
2025-11-20 17:44:41,516 | workflows.inference_workflow | INFO | ================================================================================
2025-11-20 17:44:41,517 | workflows.inference_workflow | INFO | BATCH FRAUD PREDICTION (RAG-READY)
2025-11-20 17:44:41,517 | workflows.inference_workflow | INFO | ================================================================================
2025-11-20 17:44:41,517 | workflows.inference_workflow | INFO | 📂 Loading data: bpjs_inference_small.csv
2025-11-20 17:44:41,572 | workflows.inference_workflow | INFO |    ✅ Rows: 100
2025-11-20 17:44:41,579 | workflows.inference_workflow | INFO |    ℹ️  Has labels: False
2025-11-20 17:44:41,580 | workflows.inference_workflow | INFO | 🔧 Loading inference engine...
2025-11-20 17:44:42,739 | workflows.inference_workflow | INFO | 🔮 Running predictions...
2025-11-20 17:44:42,740 | workflows.inference_workflow | INFO |    - Generate explanations: True
2025-11-20 17:44:42,740 | workflows.inference_workflow | INFO |    - Evaluate: False
2025-11-20 17:45:00,072 | workflows.inference_workflow | INFO | 
📊 Prediction Summary:
2025-11-20 17:45:00,072 | workflows.inference_workflow | INFO |    Total: 100
2025-11-20 17:45:00,075 | workflows.inference_workflow | INFO |    Fraud: 6 (6.00%)
2025-11-20 17:45:00,093 | workflows.inference_workflow | INFO | 
💾 Saved: C:\Users\US3R\OneDrive\Dokumen\Data_Science\Project\MLInference\outputs\predictions_20251120_174423.csv
2025-11-20 17:45:00,096 | workflows.inference_workflow | INFO | ================================================================================
2025-11-20 17:45:00,099 | workflows.inference_workflow | INFO | ✅ INFERENCE COMPLETED
2025-11-20 17:45:00,100 | workflows.inference_workflow | INFO | ================================================================================
2025-11-20 17:45:00,137 | __main__ | INFO | ✅ Predictions saved to: C:\Users\US3R\OneDrive\Dokumen\Data_Science\Project\MLInference\outputs\predictions_20251120_174423.csv
2025-11-20 17:45:00,137 | __main__ | INFO |    Total claims: 100
2025-11-20 17:45:00,140 | __main__ | INFO |    Fraud cases: 6
2025-11-20 17:45:00,141 | __main__ | INFO | 
🔗 Next step - Generate RAG explanations:
2025-11-20 17:45:00,142 | __main__ | INFO |    python RAGSystem/main.py explain --input C:\Users\US3R\OneDrive\Dokumen\Data_Science\Project\MLInference\outputs\predictions_20251120_174423.csv
