2025-11-20 15:56:43,772 | __main__ | INFO | Starting inference workflow...
2025-11-20 15:56:43,773 | workflows.inference_workflow | INFO | ================================================================================
2025-11-20 15:56:43,773 | workflows.inference_workflow | INFO | BATCH FRAUD PREDICTION (RAG-READY)
2025-11-20 15:56:43,774 | workflows.inference_workflow | INFO | ================================================================================
2025-11-20 15:56:43,775 | workflows.inference_workflow | INFO | 📂 Loading data: bpjs_inference_small.csv
2025-11-20 15:56:43,856 | workflows.inference_workflow | INFO |    ✅ Rows: 100
2025-11-20 15:56:43,863 | workflows.inference_workflow | INFO |    ℹ️  Has labels: False
2025-11-20 15:56:43,864 | workflows.inference_workflow | INFO | 🔧 Loading inference engine...
2025-11-20 15:56:44,881 | workflows.inference_workflow | INFO | 🔮 Running predictions...
2025-11-20 15:56:44,882 | workflows.inference_workflow | INFO |    - Generate explanations: True
2025-11-20 15:56:44,882 | workflows.inference_workflow | INFO |    - Evaluate: False
2025-11-20 15:57:00,742 | workflows.inference_workflow | INFO | 
📊 Prediction Summary:
2025-11-20 15:57:00,743 | workflows.inference_workflow | INFO |    Total: 100
2025-11-20 15:57:00,745 | workflows.inference_workflow | INFO |    Fraud: 6 (6.00%)
2025-11-20 15:57:00,760 | workflows.inference_workflow | INFO | 
💾 Saved: C:\Users\US3R\OneDrive\Dokumen\Data_Science\Project\MLInference\outputs\predictions_20251120_155631.csv
2025-11-20 15:57:00,761 | workflows.inference_workflow | INFO | ================================================================================
2025-11-20 15:57:00,761 | workflows.inference_workflow | INFO | ✅ INFERENCE COMPLETED
2025-11-20 15:57:00,762 | workflows.inference_workflow | INFO | ================================================================================
2025-11-20 15:57:00,792 | __main__ | INFO | ✅ Predictions saved to: C:\Users\US3R\OneDrive\Dokumen\Data_Science\Project\MLInference\outputs\predictions_20251120_155631.csv
2025-11-20 15:57:00,793 | __main__ | INFO |    Total claims: 100
2025-11-20 15:57:00,794 | __main__ | INFO |    Fraud cases: 6
2025-11-20 15:57:00,795 | __main__ | INFO | 
🔗 Next step - Generate RAG explanations:
2025-11-20 15:57:00,795 | __main__ | INFO |    python RAGSystem/main.py explain --input C:\Users\US3R\OneDrive\Dokumen\Data_Science\Project\MLInference\outputs\predictions_20251120_155631.csv
