2025-11-20 20:47:34,157 | __main__ | INFO | Starting inference workflow...
2025-11-20 20:47:34,159 | workflows.inference_workflow | INFO | ================================================================================
2025-11-20 20:47:34,160 | workflows.inference_workflow | INFO | BATCH FRAUD PREDICTION (RAG-READY)
2025-11-20 20:47:34,161 | workflows.inference_workflow | INFO | ================================================================================
2025-11-20 20:47:34,162 | workflows.inference_workflow | INFO | 📂 Loading data: bpjs_inference_small.csv
2025-11-20 20:47:34,213 | workflows.inference_workflow | INFO |    ✅ Rows: 20
2025-11-20 20:47:34,222 | workflows.inference_workflow | INFO |    ℹ️  Has labels: False
2025-11-20 20:47:34,223 | workflows.inference_workflow | INFO | 🔧 Loading inference engine...
2025-11-20 20:47:35,564 | workflows.inference_workflow | INFO | 🔮 Running predictions...
2025-11-20 20:47:35,565 | workflows.inference_workflow | INFO |    - Generate explanations: True
2025-11-20 20:47:35,567 | workflows.inference_workflow | INFO |    - Evaluate: False
2025-11-20 20:47:50,462 | workflows.inference_workflow | INFO | 
📊 Prediction Summary:
2025-11-20 20:47:50,464 | workflows.inference_workflow | INFO |    Total: 20
2025-11-20 20:47:50,465 | workflows.inference_workflow | INFO |    Fraud: 10 (50.00%)
2025-11-20 20:47:50,482 | workflows.inference_workflow | INFO | 
💾 Saved: C:\Users\US3R\OneDrive\Dokumen\Data_Science\Project\MLInference\outputs\predictions_20251120_204717.csv
2025-11-20 20:47:50,482 | workflows.inference_workflow | INFO | ================================================================================
2025-11-20 20:47:50,483 | workflows.inference_workflow | INFO | ✅ INFERENCE COMPLETED
2025-11-20 20:47:50,483 | workflows.inference_workflow | INFO | ================================================================================
2025-11-20 20:47:50,546 | __main__ | INFO | ✅ Predictions saved to: C:\Users\US3R\OneDrive\Dokumen\Data_Science\Project\MLInference\outputs\predictions_20251120_204717.csv
2025-11-20 20:47:50,547 | __main__ | INFO |    Total claims: 20
2025-11-20 20:47:50,548 | __main__ | INFO |    Fraud cases: 10
2025-11-20 20:47:50,549 | __main__ | INFO | 
🔗 Next step - Generate RAG explanations:
2025-11-20 20:47:50,550 | __main__ | INFO |    python RAGSystem/main.py explain --input C:\Users\US3R\OneDrive\Dokumen\Data_Science\Project\MLInference\outputs\predictions_20251120_204717.csv
