2025-11-20 17:23:17,802 | __main__ | INFO | Starting inference workflow...
2025-11-20 17:23:17,805 | workflows.inference_workflow | INFO | ================================================================================
2025-11-20 17:23:17,805 | workflows.inference_workflow | INFO | BATCH FRAUD PREDICTION (RAG-READY)
2025-11-20 17:23:17,806 | workflows.inference_workflow | INFO | ================================================================================
2025-11-20 17:23:17,806 | workflows.inference_workflow | INFO | 📂 Loading data: bpjs_inference_small.csv
2025-11-20 17:23:17,855 | workflows.inference_workflow | INFO |    ✅ Rows: 100
2025-11-20 17:23:17,862 | workflows.inference_workflow | INFO |    ℹ️  Has labels: False
2025-11-20 17:23:17,863 | workflows.inference_workflow | INFO | 🔧 Loading inference engine...
2025-11-20 17:23:18,821 | workflows.inference_workflow | INFO | 🔮 Running predictions...
2025-11-20 17:23:18,822 | workflows.inference_workflow | INFO |    - Generate explanations: True
2025-11-20 17:23:18,822 | workflows.inference_workflow | INFO |    - Evaluate: False
2025-11-20 17:23:32,026 | workflows.inference_workflow | INFO | 
📊 Prediction Summary:
2025-11-20 17:23:32,027 | workflows.inference_workflow | INFO |    Total: 100
2025-11-20 17:23:32,029 | workflows.inference_workflow | INFO |    Fraud: 6 (6.00%)
2025-11-20 17:23:32,045 | workflows.inference_workflow | INFO | 
💾 Saved: C:\Users\US3R\OneDrive\Dokumen\Data_Science\Project\MLInference\outputs\predictions_20251120_172303.csv
2025-11-20 17:23:32,046 | workflows.inference_workflow | INFO | ================================================================================
2025-11-20 17:23:32,046 | workflows.inference_workflow | INFO | ✅ INFERENCE COMPLETED
2025-11-20 17:23:32,047 | workflows.inference_workflow | INFO | ================================================================================
2025-11-20 17:23:32,081 | __main__ | INFO | ✅ Predictions saved to: C:\Users\US3R\OneDrive\Dokumen\Data_Science\Project\MLInference\outputs\predictions_20251120_172303.csv
2025-11-20 17:23:32,082 | __main__ | INFO |    Total claims: 100
2025-11-20 17:23:32,083 | __main__ | INFO |    Fraud cases: 6
2025-11-20 17:23:32,086 | __main__ | INFO | 
🔗 Next step - Generate RAG explanations:
2025-11-20 17:23:32,090 | __main__ | INFO |    python RAGSystem/main.py explain --input C:\Users\US3R\OneDrive\Dokumen\Data_Science\Project\MLInference\outputs\predictions_20251120_172303.csv
