2025-11-20 21:59:35,907 | __main__ | INFO | Starting inference workflow...
2025-11-20 21:59:35,909 | workflows.inference_workflow | INFO | ================================================================================
2025-11-20 21:59:35,910 | workflows.inference_workflow | INFO | BATCH FRAUD PREDICTION (RAG-READY)
2025-11-20 21:59:35,911 | workflows.inference_workflow | INFO | ================================================================================
2025-11-20 21:59:35,911 | workflows.inference_workflow | INFO | 📂 Loading data: bpjs_inference_small.csv
2025-11-20 21:59:35,951 | workflows.inference_workflow | INFO |    ✅ Rows: 7
2025-11-20 21:59:35,959 | workflows.inference_workflow | INFO |    ℹ️  Has labels: False
2025-11-20 21:59:35,960 | workflows.inference_workflow | INFO | 🔧 Loading inference engine...
2025-11-20 21:59:38,200 | workflows.inference_workflow | INFO | 🔮 Running predictions...
2025-11-20 21:59:38,201 | workflows.inference_workflow | INFO |    - Generate explanations: True
2025-11-20 21:59:38,201 | workflows.inference_workflow | INFO |    - Evaluate: False
2025-11-20 21:59:53,572 | workflows.inference_workflow | INFO | 
📊 Prediction Summary:
2025-11-20 21:59:53,574 | workflows.inference_workflow | INFO |    Total: 7
2025-11-20 21:59:53,575 | workflows.inference_workflow | INFO |    Fraud: 5 (71.43%)
2025-11-20 21:59:53,600 | workflows.inference_workflow | INFO | 
💾 Saved: C:\Users\US3R\OneDrive\Dokumen\Data_Science\Project\MLInference\outputs\predictions_20251120_215913.csv
2025-11-20 21:59:53,601 | workflows.inference_workflow | INFO | ================================================================================
2025-11-20 21:59:53,601 | workflows.inference_workflow | INFO | ✅ INFERENCE COMPLETED
2025-11-20 21:59:53,602 | workflows.inference_workflow | INFO | ================================================================================
2025-11-20 21:59:53,645 | __main__ | INFO | ✅ Predictions saved to: C:\Users\US3R\OneDrive\Dokumen\Data_Science\Project\MLInference\outputs\predictions_20251120_215913.csv
2025-11-20 21:59:53,646 | __main__ | INFO |    Total claims: 7
2025-11-20 21:59:53,648 | __main__ | INFO |    Fraud cases: 5
2025-11-20 21:59:53,649 | __main__ | INFO | 
🔗 Next step - Generate RAG explanations:
2025-11-20 21:59:53,650 | __main__ | INFO |    python RAGSystem/main.py explain --input C:\Users\US3R\OneDrive\Dokumen\Data_Science\Project\MLInference\outputs\predictions_20251120_215913.csv
