2025-11-20 21:28:12,059 | __main__ | INFO | Starting inference workflow...
2025-11-20 21:28:12,062 | workflows.inference_workflow | INFO | ================================================================================
2025-11-20 21:28:12,063 | workflows.inference_workflow | INFO | BATCH FRAUD PREDICTION (RAG-READY)
2025-11-20 21:28:12,063 | workflows.inference_workflow | INFO | ================================================================================
2025-11-20 21:28:12,064 | workflows.inference_workflow | INFO | 📂 Loading data: bpjs_inference_small.csv
2025-11-20 21:28:12,115 | workflows.inference_workflow | INFO |    ✅ Rows: 7
2025-11-20 21:28:12,124 | workflows.inference_workflow | INFO |    ℹ️  Has labels: False
2025-11-20 21:28:12,125 | workflows.inference_workflow | INFO | 🔧 Loading inference engine...
2025-11-20 21:28:14,220 | workflows.inference_workflow | INFO | 🔮 Running predictions...
2025-11-20 21:28:14,221 | workflows.inference_workflow | INFO |    - Generate explanations: True
2025-11-20 21:28:14,222 | workflows.inference_workflow | INFO |    - Evaluate: False
2025-11-20 21:28:31,360 | workflows.inference_workflow | INFO | 
📊 Prediction Summary:
2025-11-20 21:28:31,361 | workflows.inference_workflow | INFO |    Total: 7
2025-11-20 21:28:31,363 | workflows.inference_workflow | INFO |    Fraud: 5 (71.43%)
2025-11-20 21:28:31,377 | workflows.inference_workflow | INFO | 
💾 Saved: C:\Users\US3R\OneDrive\Dokumen\Data_Science\Project\MLInference\outputs\predictions_20251120_212755.csv
2025-11-20 21:28:31,378 | workflows.inference_workflow | INFO | ================================================================================
2025-11-20 21:28:31,379 | workflows.inference_workflow | INFO | ✅ INFERENCE COMPLETED
2025-11-20 21:28:31,379 | workflows.inference_workflow | INFO | ================================================================================
2025-11-20 21:28:31,434 | __main__ | INFO | ✅ Predictions saved to: C:\Users\US3R\OneDrive\Dokumen\Data_Science\Project\MLInference\outputs\predictions_20251120_212755.csv
2025-11-20 21:28:31,436 | __main__ | INFO |    Total claims: 7
2025-11-20 21:28:31,436 | __main__ | INFO |    Fraud cases: 5
2025-11-20 21:28:31,437 | __main__ | INFO | 
🔗 Next step - Generate RAG explanations:
2025-11-20 21:28:31,438 | __main__ | INFO |    python RAGSystem/main.py explain --input C:\Users\US3R\OneDrive\Dokumen\Data_Science\Project\MLInference\outputs\predictions_20251120_212755.csv
